(node:18551) DeprecationWarning: current URL string parser is deprecated, and will be removed in a future version. To use the new parser, pass option { useNewUrlParser: true } to MongoClient.connect.
(node:18551) DeprecationWarning: collection.ensureIndex is deprecated. Use createIndexes instead.
(node:18551) DeprecationWarning: collection.remove is deprecated. Use deleteOne, deleteMany, or bulkWrite instead.
ReferenceError: proxies is not defined
    at clients.forEach (/root/ZJ-Server/controllers/client.js:57:34)
    at Array.forEach (<anonymous>)
    at exports.attacked (/root/ZJ-Server/controllers/client.js:56:11)
    at process._tickCallback (internal/process/next_tick.js:68:7)
ReferenceError: proxies is not defined
    at clients.forEach (/root/ZJ-Server/controllers/client.js:57:34)
    at Array.forEach (<anonymous>)
    at exports.attacked (/root/ZJ-Server/controllers/client.js:56:11)
    at process._tickCallback (internal/process/next_tick.js:68:7)
ReferenceError: proxies is not defined
    at clients.forEach (/root/ZJ-Server/controllers/client.js:57:34)
    at Array.forEach (<anonymous>)
    at exports.attacked (/root/ZJ-Server/controllers/client.js:56:11)
    at process._tickCallback (internal/process/next_tick.js:68:7)
ReferenceError: proxies is not defined
    at clients.forEach (/root/ZJ-Server/controllers/client.js:57:34)
    at Array.forEach (<anonymous>)
    at exports.attacked (/root/ZJ-Server/controllers/client.js:56:11)
    at process._tickCallback (internal/process/next_tick.js:68:7)
ReferenceError: proxies is not defined
    at clients.forEach (/root/ZJ-Server/controllers/client.js:57:34)
    at Array.forEach (<anonymous>)
    at exports.attacked (/root/ZJ-Server/controllers/client.js:56:11)
    at process._tickCallback (internal/process/next_tick.js:68:7)
ReferenceError: proxies is not defined
    at clients.forEach (/root/ZJ-Server/controllers/client.js:57:34)
    at Array.forEach (<anonymous>)
    at exports.attacked (/root/ZJ-Server/controllers/client.js:56:11)
    at process._tickCallback (internal/process/next_tick.js:68:7)
ReferenceError: proxies is not defined
    at clients.forEach (/root/ZJ-Server/controllers/client.js:57:34)
    at Array.forEach (<anonymous>)
    at exports.attacked (/root/ZJ-Server/controllers/client.js:56:11)
    at process._tickCallback (internal/process/next_tick.js:68:7)
ReferenceError: proxies is not defined
    at clients.forEach (/root/ZJ-Server/controllers/client.js:57:34)
    at Array.forEach (<anonymous>)
    at exports.attacked (/root/ZJ-Server/controllers/client.js:56:11)
    at process._tickCallback (internal/process/next_tick.js:68:7)
ReferenceError: proxies is not defined
    at clients.forEach (/root/ZJ-Server/controllers/client.js:57:34)
    at Array.forEach (<anonymous>)
    at exports.attacked (/root/ZJ-Server/controllers/client.js:56:11)
    at process._tickCallback (internal/process/next_tick.js:68:7)
ReferenceError: proxies is not defined
    at clients.forEach (/root/ZJ-Server/controllers/client.js:57:34)
    at Array.forEach (<anonymous>)
    at exports.attacked (/root/ZJ-Server/controllers/client.js:56:11)
    at process._tickCallback (internal/process/next_tick.js:68:7)
ReferenceError: proxies is not defined
    at clients.forEach (/root/ZJ-Server/controllers/client.js:57:34)
    at Array.forEach (<anonymous>)
    at exports.attacked (/root/ZJ-Server/controllers/client.js:56:11)
    at process._tickCallback (internal/process/next_tick.js:68:7)
ReferenceError: proxies is not defined
    at clients.forEach (/root/ZJ-Server/controllers/client.js:57:34)
    at Array.forEach (<anonymous>)
    at exports.attacked (/root/ZJ-Server/controllers/client.js:56:11)
    at process._tickCallback (internal/process/next_tick.js:68:7)
ReferenceError: proxies is not defined
    at clients.forEach (/root/ZJ-Server/controllers/client.js:57:34)
    at Array.forEach (<anonymous>)
    at exports.attacked (/root/ZJ-Server/controllers/client.js:56:11)
    at process._tickCallback (internal/process/next_tick.js:68:7)
ReferenceError: proxies is not defined
    at clients.forEach (/root/ZJ-Server/controllers/client.js:57:34)
    at Array.forEach (<anonymous>)
    at exports.attacked (/root/ZJ-Server/controllers/client.js:56:11)
    at process._tickCallback (internal/process/next_tick.js:68:7)
ReferenceError: proxies is not defined
    at clients.forEach (/root/ZJ-Server/controllers/client.js:57:34)
    at Array.forEach (<anonymous>)
    at exports.attacked (/root/ZJ-Server/controllers/client.js:56:11)
    at process._tickCallback (internal/process/next_tick.js:68:7)
ReferenceError: proxies is not defined
    at clients.forEach (/root/ZJ-Server/controllers/client.js:57:34)
    at Array.forEach (<anonymous>)
    at exports.attacked (/root/ZJ-Server/controllers/client.js:56:11)
    at process._tickCallback (internal/process/next_tick.js:68:7)
ReferenceError: proxies is not defined
    at clients.forEach (/root/ZJ-Server/controllers/client.js:57:34)
    at Array.forEach (<anonymous>)
    at exports.attacked (/root/ZJ-Server/controllers/client.js:56:11)
    at process._tickCallback (internal/process/next_tick.js:68:7)
ReferenceError: proxies is not defined
    at clients.forEach (/root/ZJ-Server/controllers/client.js:57:34)
    at Array.forEach (<anonymous>)
    at exports.attacked (/root/ZJ-Server/controllers/client.js:56:11)
    at process._tickCallback (internal/process/next_tick.js:68:7)
ReferenceError: proxies is not defined
    at clients.forEach (/root/ZJ-Server/controllers/client.js:57:34)
    at Array.forEach (<anonymous>)
    at exports.attacked (/root/ZJ-Server/controllers/client.js:56:11)
    at process._tickCallback (internal/process/next_tick.js:68:7)
ReferenceError: proxies is not defined
    at clients.forEach (/root/ZJ-Server/controllers/client.js:57:34)
    at Array.forEach (<anonymous>)
    at exports.attacked (/root/ZJ-Server/controllers/client.js:56:11)
    at process._tickCallback (internal/process/next_tick.js:68:7)
ReferenceError: proxies is not defined
    at clients.forEach (/root/ZJ-Server/controllers/client.js:57:34)
    at Array.forEach (<anonymous>)
    at exports.attacked (/root/ZJ-Server/controllers/client.js:56:11)
    at process._tickCallback (internal/process/next_tick.js:68:7)
