
> server2@0.0.0 start /root/server2
> node ./bin/www

(node:21597) DeprecationWarning: current URL string parser is deprecated, and will be removed in a future version. To use the new parser, pass option { useNewUrlParser: true } to MongoClient.connect.
(node:21597) DeprecationWarning: collection.ensureIndex is deprecated. Use createIndexes instead.
[0mPOST /users/setClientNetworkInfo [32m200 [0m3.077 ms - 47[0m
[0mPOST /users/setClientNetworkInfo [32m200 [0m0.461 ms - 47[0m
[0mPOST /users/setClientNetworkInfo [32m200 [0m0.314 ms - 47[0m
[0mPOST /whetherBlock [0m- [0m- ms - -[0m
[0mPOST /whetherBlock [0m- [0m- ms - -[0m
[0mPOST /distributeID [32m200 [0m0.369 ms - 24[0m
[0mPOST /users/setClientNetworkInfo [32m200 [0m0.282 ms - 47[0m
[0mPOST /whetherBlock [32m200 [0m8.716 ms - 289[0m
[0mPOST /users/setClientNetworkInfo [32m200 [0m0.269 ms - 47[0m
[0mPOST /whetherBlock [32m200 [0m2.888 ms - 289[0m
[0mPOST /users/setClientNetworkInfo [32m200 [0m0.274 ms - 47[0m
[0mPOST /whetherBlock [32m200 [0m2.462 ms - 289[0m
[0mPOST /users/setClientNetworkInfo [32m200 [0m0.440 ms - 47[0m
[0mPOST /whetherBlock [32m200 [0m3.945 ms - 289[0m
[0mPOST /users/setClientNetworkInfo [32m200 [0m0.366 ms - 47[0m
[0mPOST /whetherBlock [32m200 [0m2.612 ms - 289[0m
[0mPOST /users/setClientNetworkInfo [32m200 [0m0.261 ms - 47[0m
[0mPOST /whetherBlock [32m200 [0m3.420 ms - 289[0m
[0mPOST /users/setClientNetworkInfo [32m200 [0m0.274 ms - 47[0m
[0mPOST /whetherBlock [32m200 [0m2.605 ms - 289[0m
[0mPOST /users/setClientNetworkInfo [32m200 [0m0.288 ms - 47[0m
[0mPOST /whetherBlock [32m200 [0m2.527 ms - 289[0m
[0mPOST /users/setClientNetworkInfo [32m200 [0m0.270 ms - 47[0m
[0mPOST /whetherBlock [32m200 [0m2.665 ms - 289[0m
[0mPOST /users/setClientNetworkInfo [32m200 [0m0.292 ms - 47[0m
[0mPOST /whetherBlock [32m200 [0m3.047 ms - 289[0m
[0mPOST /users/setClientNetworkInfo [32m200 [0m0.312 ms - 47[0m
[0mPOST /whetherBlock [32m200 [0m2.489 ms - 289[0m
[0mPOST /users/setClientNetworkInfo [32m200 [0m0.275 ms - 47[0m
[0mPOST /whetherBlock [32m200 [0m2.442 ms - 289[0m
[0mPOST /users/setClientNetworkInfo [32m200 [0m0.440 ms - 47[0m
[0mPOST /whetherBlock [32m200 [0m4.217 ms - 289[0m
[0mPOST /users/setClientNetworkInfo [32m200 [0m0.368 ms - 47[0m
[0mPOST /whetherBlock [32m200 [0m2.573 ms - 289[0m
[0mPOST /users/setClientNetworkInfo [32m200 [0m0.296 ms - 47[0m
[0mPOST /whetherBlock [32m200 [0m2.523 ms - 289[0m
[0mPOST /users/setClientNetworkInfo [32m200 [0m0.298 ms - 47[0m
[0mPOST /whetherBlock [32m200 [0m3.252 ms - 289[0m
[0mPOST /users/setClientNetworkInfo [32m200 [0m0.348 ms - 47[0m
[0mPOST /whetherBlock [32m200 [0m2.515 ms - 289[0m
[0mPOST /users/setClientNetworkInfo [32m200 [0m0.285 ms - 47[0m
[0mPOST /whetherBlock [32m200 [0m2.634 ms - 289[0m
[0mPOST /users/setClientNetworkInfo [32m200 [0m0.285 ms - 47[0m
[0mPOST /whetherBlock [32m200 [0m2.581 ms - 289[0m
[0mPOST /users/setClientNetworkInfo [32m200 [0m0.281 ms - 47[0m
[0mPOST /whetherBlock [32m200 [0m3.015 ms - 289[0m
[0mPOST /users/setClientNetworkInfo [32m200 [0m0.290 ms - 47[0m
[0mPOST /whetherBlock [32m200 [0m2.720 ms - 289[0m
[0mPOST /users/setClientNetworkInfo [32m200 [0m0.263 ms - 47[0m
[0mPOST /whetherBlock [32m200 [0m2.421 ms - 289[0m
[0mPOST /users/setClientNetworkInfo [32m200 [0m0.278 ms - 47[0m
[0mPOST /whetherBlock [32m200 [0m2.482 ms - 289[0m
[0mPOST /users/setClientNetworkInfo [32m200 [0m0.302 ms - 47[0m
[0mPOST /whetherBlock [32m200 [0m2.498 ms - 289[0m
[0mPOST /users/setClientNetworkInfo [32m200 [0m0.268 ms - 47[0m
[0mPOST /whetherBlock [32m200 [0m2.473 ms - 289[0m
[0mPOST /users/setClientNetworkInfo [32m200 [0m0.297 ms - 47[0m
[0mPOST /whetherBlock [32m200 [0m2.539 ms - 289[0m
[0mPOST /users/setClientNetworkInfo [32m200 [0m0.273 ms - 47[0m
[0mPOST /whetherBlock [32m200 [0m2.526 ms - 289[0m
[0mPOST /users/setClientNetworkInfo [32m200 [0m0.273 ms - 47[0m
[0mPOST /whetherBlock [32m200 [0m2.492 ms - 289[0m
[0mPOST /users/setClientNetworkInfo [32m200 [0m0.279 ms - 47[0m
[0mPOST /whetherBlock [32m200 [0m3.178 ms - 289[0m
[0mPOST /users/setClientNetworkInfo [32m200 [0m0.305 ms - 47[0m
[0mPOST /whetherBlock [32m200 [0m2.946 ms - 289[0m
[0mPOST /users/setClientNetworkInfo [32m200 [0m0.318 ms - 47[0m
[0mPOST /whetherBlock [32m200 [0m3.369 ms - 289[0m
[0mPOST /users/setClientNetworkInfo [32m200 [0m0.296 ms - 47[0m
[0mPOST /whetherBlock [32m200 [0m2.409 ms - 289[0m
[0mPOST /users/setClientNetworkInfo [32m200 [0m0.297 ms - 47[0m
[0mPOST /whetherBlock [32m200 [0m2.545 ms - 289[0m
[0mPOST /users/setClientNetworkInfo [32m200 [0m0.269 ms - 47[0m
[0mPOST /whetherBlock [32m200 [0m2.514 ms - 289[0m
[0mPOST /users/setClientNetworkInfo [32m200 [0m0.300 ms - 47[0m
[0mPOST /whetherBlock [32m200 [0m2.340 ms - 289[0m
[0mPOST /users/setClientNetworkInfo [32m200 [0m0.293 ms - 47[0m
[0mPOST /whetherBlock [32m200 [0m2.462 ms - 289[0m
[0mPOST /users/setClientNetworkInfo [32m200 [0m0.267 ms - 47[0m
[0mPOST /whetherBlock [32m200 [0m2.499 ms - 289[0m
[0mPOST /users/setClientNetworkInfo [32m200 [0m0.301 ms - 47[0m
[0mPOST /whetherBlock [32m200 [0m2.370 ms - 289[0m
[0mPOST /users/setClientNetworkInfo [32m200 [0m0.317 ms - 47[0m
[0mPOST /whetherBlock [32m200 [0m2.437 ms - 289[0m
[0mPOST /users/setClientNetworkInfo [32m200 [0m0.715 ms - 47[0m
[0mPOST /whetherBlock [32m200 [0m2.347 ms - 289[0m
[0mPOST /users/setClientNetworkInfo [32m200 [0m0.260 ms - 47[0m
[0mPOST /whetherBlock [32m200 [0m2.438 ms - 289[0m
[0mPOST /users/setClientNetworkInfo [32m200 [0m0.257 ms - 47[0m
[0mPOST /whetherBlock [32m200 [0m2.354 ms - 289[0m
[0mPOST /users/setClientNetworkInfo [32m200 [0m0.267 ms - 47[0m
[0mPOST /whetherBlock [32m200 [0m2.794 ms - 289[0m
[0mPOST /users/setClientNetworkInfo [32m200 [0m0.270 ms - 47[0m
[0mPOST /whetherBlock [32m200 [0m2.439 ms - 289[0m
[0mPOST /users/setClientNetworkInfo [32m200 [0m0.256 ms - 47[0m
[0mPOST /whetherBlock [32m200 [0m2.577 ms - 289[0m
[0mPOST /users/setClientNetworkInfo [32m200 [0m0.256 ms - 47[0m
[0mPOST /whetherBlock [32m200 [0m2.569 ms - 289[0m
[0mPOST /users/setClientNetworkInfo [32m200 [0m0.283 ms - 47[0m
[0mPOST /whetherBlock [32m200 [0m2.498 ms - 289[0m
[0mPOST /users/setClientNetworkInfo [32m200 [0m0.258 ms - 47[0m
[0mPOST /whetherBlock [32m200 [0m2.379 ms - 289[0m
[0mPOST /users/setClientNetworkInfo [32m200 [0m0.239 ms - 47[0m
[0mPOST /whetherBlock [32m200 [0m2.392 ms - 289[0m
[0mPOST /users/setClientNetworkInfo [32m200 [0m0.259 ms - 47[0m
[0mPOST /whetherBlock [32m200 [0m2.421 ms - 289[0m
[0mPOST /users/setClientNetworkInfo [32m200 [0m0.257 ms - 47[0m
[0mPOST /whetherBlock [32m200 [0m2.470 ms - 289[0m
[0mPOST /users/setClientNetworkInfo [32m200 [0m0.253 ms - 47[0m
[0mPOST /whetherBlock [32m200 [0m2.417 ms - 289[0m
[0mPOST /users/setClientNetworkInfo [32m200 [0m0.245 ms - 47[0m
[0mPOST /whetherBlock [32m200 [0m2.560 ms - 289[0m
[0mPOST /users/setClientNetworkInfo [32m200 [0m0.232 ms - 47[0m
[0mPOST /whetherBlock [32m200 [0m2.375 ms - 289[0m
[0mPOST /users/setClientNetworkInfo [32m200 [0m0.260 ms - 47[0m
[0mPOST /whetherBlock [32m200 [0m2.476 ms - 289[0m
[0mPOST /users/setClientNetworkInfo [32m200 [0m0.238 ms - 47[0m
[0mPOST /whetherBlock [32m200 [0m2.396 ms - 289[0m
[0mPOST /users/setClientNetworkInfo [32m200 [0m0.241 ms - 47[0m
[0mPOST /whetherBlock [32m200 [0m2.947 ms - 289[0m
[0mPOST /users/setClientNetworkInfo [32m200 [0m0.261 ms - 47[0m
[0mPOST /whetherBlock [32m200 [0m2.509 ms - 289[0m
[0mPOST /users/setClientNetworkInfo [32m200 [0m0.241 ms - 47[0m
[0mPOST /whetherBlock [32m200 [0m2.406 ms - 289[0m
[0mPOST /users/setClientNetworkInfo [32m200 [0m0.290 ms - 47[0m
[0mPOST /whetherBlock [32m200 [0m2.342 ms - 289[0m
[0mPOST /users/setClientNetworkInfo [32m200 [0m0.233 ms - 47[0m
[0mPOST /whetherBlock [32m200 [0m2.415 ms - 289[0m
[0mPOST /users/setClientNetworkInfo [32m200 [0m0.241 ms - 47[0m
[0mPOST /whetherBlock [32m200 [0m2.610 ms - 289[0m
[0mPOST /users/setClientNetworkInfo [32m200 [0m0.247 ms - 47[0m
[0mPOST /whetherBlock [32m200 [0m2.531 ms - 289[0m
[0mPOST /users/setClientNetworkInfo [32m200 [0m0.242 ms - 47[0m
[0mPOST /whetherBlock [32m200 [0m2.347 ms - 289[0m
[0mPOST /users/setClientNetworkInfo [32m200 [0m0.291 ms - 47[0m
[0mPOST /whetherBlock [32m200 [0m3.616 ms - 289[0m
[0mPOST /users/setClientNetworkInfo [32m200 [0m0.244 ms - 47[0m
[0mPOST /whetherBlock [32m200 [0m4.003 ms - 289[0m
[0mPOST /users/setClientNetworkInfo [32m200 [0m0.243 ms - 47[0m
[0mPOST /whetherBlock [32m200 [0m2.260 ms - 289[0m
Killed
npm ERR! code ELIFECYCLE
npm ERR! errno 137
npm ERR! server2@0.0.0 start: `node ./bin/www`
npm ERR! Exit status 137
npm ERR! 
npm ERR! Failed at the server2@0.0.0 start script.
npm ERR! This is probably not a problem with npm. There is likely additional logging output above.

npm ERR! A complete log of this run can be found in:
npm ERR!     /root/.npm/_logs/2019-10-30T07_12_17_859Z-debug.log
